<?xml version="1.0" encoding="UTF-8"?>
<testsuite name="caesars.cipher.CaesarCipherTest" tests="2" skipped="0" failures="0" errors="0" timestamp="2023-03-27T10:38:45" hostname="DESKTOP-L3A5I3I" time="0.029">
  <properties/>
  <testcase name="testCipheredMessageWithOffsetOf1()" classname="caesars.cipher.CaesarCipherTest" time="0.019"/>
  <testcase name="testEmptyString()" classname="caesars.cipher.CaesarCipherTest" time="0.002"/>
  <system-out><![CDATA[]]></system-out>
  <system-err><![CDATA[]]></system-err>
</testsuite>
