<?xml version="1.0" encoding="UTF-8"?>
<testsuite name="caesars.cipher.CaesarCipherTest" tests="2" skipped="0" failures="0" errors="0" timestamp="2023-04-05T17:42:13" hostname="DESKTOP-L3A5I3I" time="0.017">
  <properties/>
  <testcase name="testCipheredMessageWithOffsetOf1()" classname="caesars.cipher.CaesarCipherTest" time="0.014"/>
  <testcase name="testEmptyString()" classname="caesars.cipher.CaesarCipherTest" time="0.001"/>
  <system-out><![CDATA[]]></system-out>
  <system-err><![CDATA[]]></system-err>
</testsuite>
